This is pdfeTeX, Version 3.141592-1.21a-2.2 (Web2C 7.5.4) (format=latex 2005.11.7)  5 DEC 2005 09:42
entering extended mode
**SearchControl.tex
(./SearchControl.tex
LaTeX2e <2003/12/01>
Babel <v3.8d> and hyphenation patterns for american, french, german, ngerman, b
ahasa, basque, bulgarian, catalan, croatian, czech, danish, dutch, esperanto, e
stonian, finnish, greek, icelandic, irish, italian, latin, magyar, norsk, polis
h, portuges, romanian, russian, serbian, slovak, slovene, spanish, swedish, tur
kish, ukrainian, nohyphenation, loaded.
(/sw/share/texmf-dist/tex/latex/base/article.cls
Document Class: article 2004/02/16 v1.4f Standard LaTeX document class
(/sw/share/texmf-dist/tex/latex/base/size10.clo
File: size10.clo 2004/02/16 v1.4f Standard LaTeX file (size option)
)
\c@part=\count79
\c@section=\count80
\c@subsection=\count81
\c@subsubsection=\count82
\c@paragraph=\count83
\c@subparagraph=\count84
\c@figure=\count85
\c@table=\count86
\abovecaptionskip=\skip41
\belowcaptionskip=\skip42
\bibindent=\dimen102
)
(/sw/share/texmf-dist/tex/latex/graphics/graphicx.sty
Package: graphicx 1999/02/16 v1.0f Enhanced LaTeX Graphics (DPC,SPQR)

(/sw/share/texmf-dist/tex/latex/graphics/keyval.sty
Package: keyval 1999/03/16 v1.13 key=value parser (DPC)
\KV@toks@=\toks14
)
(/sw/share/texmf-dist/tex/latex/graphics/graphics.sty
Package: graphics 2001/07/07 v1.0n Standard LaTeX Graphics (DPC,SPQR)

(/sw/share/texmf-dist/tex/latex/graphics/trig.sty
Package: trig 1999/03/16 v1.09 sin cos tan (DPC)
)
(/sw/share/texmf-dist/tex/latex/graphics/graphics.cfg
File: graphics.cfg 2005/02/03 v1.3 graphics configuration of teTeX/TeXLive
)
Package graphics Info: Driver file: dvips.def on input line 80.

(/sw/share/texmf-dist/tex/latex/graphics/dvips.def
File: dvips.def 1999/02/16 v3.0i Driver-dependant file (DPC,SPQR)
))
\Gin@req@height=\dimen103
\Gin@req@width=\dimen104
)
(/sw/share/texmf-dist/tex/latex/graphics/epsfig.sty
Package: epsfig 1999/02/16 v1.7a (e)psfig emulation (SPQR)
\epsfxsize=\dimen105
\epsfysize=\dimen106
)
(/sw/share/texmf-dist/tex/latex/tools/verbatim.sty
Package: verbatim 2003/08/22 v1.5q LaTeX2e package for verbatim enhancements
\every@verbatim=\toks15
\verbatim@line=\toks16
\verbatim@in@stream=\read1
)
No file SearchControl.aux.
\openout1 = `SearchControl.aux'.

LaTeX Font Info:    Checking defaults for OML/cmm/m/it on input line 13.
LaTeX Font Info:    ... okay on input line 13.
LaTeX Font Info:    Checking defaults for T1/cmr/m/n on input line 13.
LaTeX Font Info:    ... okay on input line 13.
LaTeX Font Info:    Checking defaults for OT1/cmr/m/n on input line 13.
LaTeX Font Info:    ... okay on input line 13.
LaTeX Font Info:    Checking defaults for OMS/cmsy/m/n on input line 13.
LaTeX Font Info:    ... okay on input line 13.
LaTeX Font Info:    Checking defaults for OMX/cmex/m/n on input line 13.
LaTeX Font Info:    ... okay on input line 13.
LaTeX Font Info:    Checking defaults for U/cmr/m/n on input line 13.
LaTeX Font Info:    ... okay on input line 13.
LaTeX Font Info:    External font `cmex10' loaded for size
(Font)              <12> on input line 15.
LaTeX Font Info:    External font `cmex10' loaded for size
(Font)              <8> on input line 15.
LaTeX Font Info:    External font `cmex10' loaded for size
(Font)              <6> on input line 15.
[1

] [2] [3] [4] [5] [6]
Overfull \hbox (3.53427pt too wide) in paragraph at lines 158--159
[]\OT1/cmr/m/n/10 The func-tion \OT1/cmr/m/it/10 se-lect-NextDe-ci-sion-Point \
OT1/cmr/m/n/10 is listed be-low. It takes a \OT1/cmr/m/it/10 Plan Database
 []

[7]

LaTeX Warning: File `SearchControl.eps' not found on input line 190.


! LaTeX Error: File `SearchControl.eps' not found.

See the LaTeX manual or LaTeX Companion for explanation.
Type  H <return>  for immediate help.
 ...                                              
                                                  
l.190 ...degraphics[scale=0.75]{SearchControl.eps}
                                                  
? 

! LaTeX Error: Cannot determine size of graphic in SearchControl.eps (no Boundi
ngBox).

See the LaTeX manual or LaTeX Companion for explanation.
Type  H <return>  for immediate help.
 ...                                              
                                                  
l.190 ...degraphics[scale=0.75]{SearchControl.eps}
                                                  
? 
File: SearchControl.eps Graphic file (type eps)
<SearchControl.eps>

LaTeX Warning: Reference `SearchControlFramework' on page 8 undefined on input 
line 195.

[8] [9]

LaTeX Warning: File `ConfigurationFramework.eps' not found on input line 211.


! LaTeX Error: File `ConfigurationFramework.eps' not found.

See the LaTeX manual or LaTeX Companion for explanation.
Type  H <return>  for immediate help.
 ...                                              
                                                  
l.211 ...s[scale=0.75]{ConfigurationFramework.eps}
                                                  
? 

! LaTeX Error: Cannot determine size of graphic in ConfigurationFramework.eps (
no BoundingBox).

See the LaTeX manual or LaTeX Companion for explanation.
Type  H <return>  for immediate help.
 ...                                              
                                                  
l.211 ...s[scale=0.75]{ConfigurationFramework.eps}
                                                  
? 
File: ConfigurationFramework.eps Graphic file (type eps)
<ConfigurationFramework.eps>

LaTeX Warning: Reference `ConfigurationFramework' on page 10 undefined on input
 line 223.

[10] [11] [12]
Overfull \hbox (4.83391pt too wide) in paragraph at lines 290--291
[]\OT1/cmr/m/n/10 isA(objectName, Ob-ject-Type) - de-fines an ob-ject name in t
he plan database
 []

[13]
LaTeX Font Info:    External font `cmex10' loaded for size
(Font)              <7> on input line 308.
LaTeX Font Info:    External font `cmex10' loaded for size
(Font)              <5> on input line 308.
LaTeX Font Info:    Try loading font information for OMS+cmr on input line 313.

 (/sw/share/texmf-dist/tex/latex/base/omscmr.fd
File: omscmr.fd 1999/05/25 v2.5h Standard LaTeX font definitions
)
LaTeX Font Info:    Font shape `OMS/cmr/m/n' in size <10> not available
(Font)              Font shape `OMS/cmsy/m/n' tried instead on input line 313.
 [14] [15] [16] [17]
(./SearchControl.aux)

LaTeX Warning: There were undefined references.


LaTeX Warning: Label(s) may have changed. Rerun to get cross-references right.

 ) 
Here is how much of TeX's memory you used:
 623 strings out of 94501
 7623 string characters out of 1176137
 56927 words of memory out of 1000000
 3836 multiletter control sequences out of 10000+50000
 8762 words of font info for 31 fonts, out of 500000 for 2000
 580 hyphenation exceptions out of 1000
 25i,6n,19p,1827b,275s stack positions out of 1500i,500n,5000p,200000b,5000s

Output written on SearchControl.dvi (17 pages, 54092 bytes).
